# JRE version: OpenJDK Runtime Environment (8.0_152-b01) (build 1.8.0_152-release-915-b01)
# Java VM: OpenJDK 64-Bit Server VM (25.152-b01 mixed mode windows-amd64 compressed oops)
Heap:
 PSYoungGen      total 116224K, used 14250K [0x00000000e0000000, 0x00000000e8380000, 0x0000000100000000)
  eden space 105984K, 3% used [0x00000000e0000000,0x00000000e03ebcd0,0x00000000e6780000)
  from space 10240K, 99% used [0x00000000e6780000,0x00000000e717eed0,0x00000000e7180000)
  to   space 10240K, 0% used [0x00000000e7180000,0x00000000e7180000,0x00000000e7b80000)
 ParOldGen       total 64512K, used 15494K [0x00000000a0000000, 0x00000000a3f00000, 0x00000000e0000000)
  object space 64512K, 24% used [0x00000000a0000000,0x00000000a0f21af8,0x00000000a3f00000)
 Metaspace       used 41397K, capacity 42280K, committed 42712K, reserved 1085440K
  class space    used 5521K, capacity 5827K, committed 5888K, reserved 1048576K
GC Heap History (10 events):
Event: 46.018 GC heap before
{Heap before GC invocations=9 (full 1):
 PSYoungGen      total 58368K, used 55158K [0x00000000e0000000, 0x00000000e6000000, 0x0000000100000000)
  eden space 49152K, 100% used [0x00000000e0000000,0x00000000e3000000,0x00000000e3000000)
  from space 9216K, 65% used [0x00000000e3000000,0x00000000e35dd848,0x00000000e3900000)
  to   space 8704K, 0% used [0x00000000e5780000,0x00000000e5780000,0x00000000e6000000)
 ParOldGen       total 44032K, used 6352K [0x00000000a0000000, 0x00000000a2b00000, 0x00000000e0000000)
  object space 44032K, 14% used [0x00000000a0000000,0x00000000a0634180,0x00000000a2b00000)
 Metaspace       used 28065K, capacity 28632K, committed 29056K, reserved 1075200K
  class space    used 3905K, capacity 4099K, committed 4224K, reserved 1048576K
Event: 46.042 GC heap after
Heap after GC invocations=9 (full 1):
 PSYoungGen      total 87552K, used 7398K [0x00000000e0000000, 0x00000000e5f80000, 0x0000000100000000)
  eden space 79360K, 0% used [0x00000000e0000000,0x00000000e0000000,0x00000000e4d80000)
  from space 8192K, 90% used [0x00000000e5780000,0x00000000e5eb9b58,0x00000000e5f80000)
  to   space 9216K, 0% used [0x00000000e4d80000,0x00000000e4d80000,0x00000000e5680000)
 ParOldGen       total 44032K, used 6360K [0x00000000a0000000, 0x00000000a2b00000, 0x00000000e0000000)
  object space 44032K, 14% used [0x00000000a0000000,0x00000000a0636180,0x00000000a2b00000)
 Metaspace       used 28065K, capacity 28632K, committed 29056K, reserved 1075200K
  class space    used 3905K, capacity 4099K, committed 4224K, reserved 1048576K
}
Event: 64.968 GC heap before
{Heap before GC invocations=10 (full 1):
 PSYoungGen      total 87552K, used 86758K [0x00000000e0000000, 0x00000000e5f80000, 0x0000000100000000)
  eden space 79360K, 100% used [0x00000000e0000000,0x00000000e4d80000,0x00000000e4d80000)
  from space 8192K, 90% used [0x00000000e5780000,0x00000000e5eb9b58,0x00000000e5f80000)
  to   space 9216K, 0% used [0x00000000e4d80000,0x00000000e4d80000,0x00000000e5680000)
 ParOldGen       total 44032K, used 6360K [0x00000000a0000000, 0x00000000a2b00000, 0x00000000e0000000)
  object space 44032K, 14% used [0x00000000a0000000,0x00000000a0636180,0x00000000a2b00000)
 Metaspace       used 32546K, capacity 33240K, committed 33664K, reserved 1079296K
  class space    used 4413K, capacity 4639K, committed 4736K, reserved 1048576K
Event: 65.015 GC heap after
Heap after GC invocations=10 (full 1):
 PSYoungGen      total 88576K, used 9030K [0x00000000e0000000, 0x00000000e7b80000, 0x0000000100000000)
  eden space 79360K, 0% used [0x00000000e0000000,0x00000000e0000000,0x00000000e4d80000)
  from space 9216K, 97% used [0x00000000e4d80000,0x00000000e5651a58,0x00000000e5680000)
  to   space 10240K, 0% used [0x00000000e7180000,0x00000000e7180000,0x00000000e7b80000)
 ParOldGen       total 44032K, used 6432K [0x00000000a0000000, 0x00000000a2b00000, 0x00000000e0000000)
  object space 44032K, 14% used [0x00000000a0000000,0x00000000a0648190,0x00000000a2b00000)
 Metaspace       used 32546K, capacity 33240K, committed 33664K, reserved 1079296K
  class space    used 4413K, capacity 4639K, committed 4736K, reserved 1048576K
}
Event: 65.712 GC heap before
{Heap before GC invocations=11 (full 1):
 PSYoungGen      total 88576K, used 17733K [0x00000000e0000000, 0x00000000e7b80000, 0x0000000100000000)
  eden space 79360K, 10% used [0x00000000e0000000,0x00000000e087fd08,0x00000000e4d80000)
  from space 9216K, 97% used [0x00000000e4d80000,0x00000000e5651a58,0x00000000e5680000)
  to   space 10240K, 0% used [0x00000000e7180000,0x00000000e7180000,0x00000000e7b80000)
 ParOldGen       total 44032K, used 6432K [0x00000000a0000000, 0x00000000a2b00000, 0x00000000e0000000)
  object space 44032K, 14% used [0x00000000a0000000,0x00000000a0648190,0x00000000a2b00000)
 Metaspace       used 34526K, capacity 35222K, committed 35416K, reserved 1079296K
  class space    used 4688K, capacity 4963K, committed 4992K, reserved 1048576K
Event: 65.757 GC heap after
Heap after GC invocations=11 (full 1):
 PSYoungGen      total 116224K, used 3323K [0x00000000e0000000, 0x00000000e8380000, 0x0000000100000000)
  eden space 105984K, 0% used [0x00000000e0000000,0x00000000e0000000,0x00000000e6780000)
  from space 10240K, 32% used [0x00000000e7180000,0x00000000e74bed00,0x00000000e7b80000)
  to   space 10240K, 0% used [0x00000000e6780000,0x00000000e6780000,0x00000000e7180000)
 ParOldGen       total 44032K, used 10973K [0x00000000a0000000, 0x00000000a2b00000, 0x00000000e0000000)
  object space 44032K, 24% used [0x00000000a0000000,0x00000000a0ab74a0,0x00000000a2b00000)
 Metaspace       used 34526K, capacity 35222K, committed 35416K, reserved 1079296K
  class space    used 4688K, capacity 4963K, committed 4992K, reserved 1048576K
}
Event: 65.758 GC heap before
{Heap before GC invocations=12 (full 2):
 PSYoungGen      total 116224K, used 3323K [0x00000000e0000000, 0x00000000e8380000, 0x0000000100000000)
  eden space 105984K, 0% used [0x00000000e0000000,0x00000000e0000000,0x00000000e6780000)
  from space 10240K, 32% used [0x00000000e7180000,0x00000000e74bed00,0x00000000e7b80000)
  to   space 10240K, 0% used [0x00000000e6780000,0x00000000e6780000,0x00000000e7180000)
 ParOldGen       total 44032K, used 10973K [0x00000000a0000000, 0x00000000a2b00000, 0x00000000e0000000)
  object space 44032K, 24% used [0x00000000a0000000,0x00000000a0ab74a0,0x00000000a2b00000)
 Metaspace       used 34526K, capacity 35222K, committed 35416K, reserved 1079296K
  class space    used 4688K, capacity 4963K, committed 4992K, reserved 1048576K
Event: 66.383 GC heap after
Heap after GC invocations=12 (full 2):
 PSYoungGen      total 116224K, used 0K [0x00000000e0000000, 0x00000000e8380000, 0x0000000100000000)
  eden space 105984K, 0% used [0x00000000e0000000,0x00000000e0000000,0x00000000e6780000)
  from space 10240K, 0% used [0x00000000e7180000,0x00000000e7180000,0x00000000e7b80000)
  to   space 10240K, 0% used [0x00000000e6780000,0x00000000e6780000,0x00000000e7180000)
 ParOldGen       total 64512K, used 13873K [0x00000000a0000000, 0x00000000a3f00000, 0x00000000e0000000)
  object space 64512K, 21% used [0x00000000a0000000,0x00000000a0d8c468,0x00000000a3f00000)
 Metaspace       used 34526K, capacity 35222K, committed 35416K, reserved 1079296K
  class space    used 4688K, capacity 4963K, committed 4992K, reserved 1048576K
}
Event: 72.670 GC heap before
{Heap before GC invocations=13 (full 2):
 PSYoungGen      total 116224K, used 105984K [0x00000000e0000000, 0x00000000e8380000, 0x0000000100000000)
  eden space 105984K, 100% used [0x00000000e0000000,0x00000000e6780000,0x00000000e6780000)
  from space 10240K, 0% used [0x00000000e7180000,0x00000000e7180000,0x00000000e7b80000)
  to   space 10240K, 0% used [0x00000000e6780000,0x00000000e6780000,0x00000000e7180000)
 ParOldGen       total 64512K, used 13873K [0x00000000a0000000, 0x00000000a3f00000, 0x00000000e0000000)
  object space 64512K, 21% used [0x00000000a0000000,0x00000000a0d8c468,0x00000000a3f00000)
 Metaspace       used 41331K, capacity 42242K, committed 42712K, reserved 1085440K
  class space    used 5508K, capacity 5794K, committed 5888K, reserved 1048576K
Event: 72.724 GC heap after
Heap after GC invocations=13 (full 2):
 PSYoungGen      total 116224K, used 10235K [0x00000000e0000000, 0x00000000e8380000, 0x0000000100000000)
  eden space 105984K, 0% used [0x00000000e0000000,0x00000000e0000000,0x00000000e6780000)
  from space 10240K, 99% used [0x00000000e6780000,0x00000000e717eed0,0x00000000e7180000)
  to   space 10240K, 0% used [0x00000000e7180000,0x00000000e7180000,0x00000000e7b80000)
 ParOldGen       total 64512K, used 15494K [0x00000000a0000000, 0x00000000a3f00000, 0x00000000e0000000)
  object space 64512K, 24% used [0x00000000a0000000,0x00000000a0f21af8,0x00000000a3f00000)
 Metaspace       used 41331K, capacity 42242K, committed 42712K, reserved 1085440K
  class space    used 5508K, capacity 5794K, committed 5888K, reserved 1048576K
}

